Arguments: 
  /Users/futianchen/.nvm/versions/node/v16.15.1/bin/node /Users/futianchen/.nvm/versions/node/v16.15.1/bin/yarn add ts-parsec

PATH: 
  /Users/futianchen/.nvm/versions/node/v16.15.1/bin:/opt/homebrew/bin:/opt/homebrew/sbin:/usr/local/bin:/System/Cryptexes/App/usr/bin:/usr/bin:/bin:/usr/sbin:/sbin:/Users/futianchen/.cabal/bin:/Users/futianchen/.ghcup/bin:/Users/futianchen/.nvm/versions/node/v16.15.1/bin:/opt/homebrew/bin:/opt/homebrew/sbin:/Users/futianchen/Library/Application Support/JetBrains/Toolbox/scripts:/Users/futianchen/Library/Application Support/JetBrains/Toolbox/scripts

Yarn version: 
  1.22.19

Node version: 
  16.15.1

Platform: 
  darwin arm64

Trace: 
  Error: https://registry.yarnpkg.com/ts-parsec: Not found
      at Request.params.callback [as _callback] (/Users/futianchen/.nvm/versions/node/v16.15.1/lib/node_modules/yarn/lib/cli.js:66145:18)
      at Request.self.callback (/Users/futianchen/.nvm/versions/node/v16.15.1/lib/node_modules/yarn/lib/cli.js:140890:22)
      at Request.emit (node:events:527:28)
      at Request.<anonymous> (/Users/futianchen/.nvm/versions/node/v16.15.1/lib/node_modules/yarn/lib/cli.js:141862:10)
      at Request.emit (node:events:527:28)
      at IncomingMessage.<anonymous> (/Users/futianchen/.nvm/versions/node/v16.15.1/lib/node_modules/yarn/lib/cli.js:141784:12)
      at Object.onceWrapper (node:events:641:28)
      at IncomingMessage.emit (node:events:539:35)
      at endReadableNT (node:internal/streams/readable:1345:12)
      at processTicksAndRejections (node:internal/process/task_queues:83:21)

npm manifest: 
  {
    "name": "parsec-learn",
    "version": "1.0.0",
    "main": "index.js",
    "license": "MIT"
  }

yarn manifest: 
  No manifest

Lockfile: 
  No lockfile
